<?xml version="1.0" encoding="UTF-8"?>
<!-- Generated by org.testng.reporters.JUnitXMLReporter -->
<testsuite ignored="0" hostname="LTIN227249" failures="0" tests="18" name="Test" time="237.174" errors="0" timestamp="2024-03-26T09:29:11 IST">
  <testcase classname="testCases.TC_001_WebDevlopment" name="searchWebDevlopment" time="7.704"/>
  <testcase classname="testCases.TC_001_WebDevlopment" name="clickFilter" time="3.206"/>
  <testcase classname="testCases.TC_001_WebDevlopment" name="printInfo" time="7.107"/>
  <testcase classname="testCases.TC_002_LanguageLearning" name="searchLanguageLearning" time="10.207"/>
  <testcase classname="testCases.TC_002_LanguageLearning" name="printLanguages" time="2.031"/>
  <testcase classname="testCases.TC_002_LanguageLearning" name="printLevels" time="0.108"/>
  <testcase classname="testCases.TC_003_FormFill" name="goEnterprise" time="14.361"/>
  <testcase classname="testCases.TC_003_FormFill" name="goCampus" time="0.541"/>
  <testcase classname="testCases.TC_003_FormFill" name="fillingForm" time="9.379"/>
  <testcase classname="testCases.TC_004_FormFillDataDriven" name="dataFill" time="20.482"/>
  <testcase classname="testCases.TC_004_FormFillDataDriven" name="dataFill" time="9.885"/>
  <testcase classname="testCases.TC_004_FormFillDataDriven" name="dataFill" time="10.139"/>
  <testcase classname="testCases.TC_004_FormFillDataDriven" name="dataFill" time="10.035"/>
  <testcase classname="testCases.TC_004_FormFillDataDriven" name="dataFill" time="9.569"/>
  <testcase classname="testCases.TC_004_FormFillDataDriven" name="dataFill" time="9.429"/>
  <testcase classname="testCases.TC_004_FormFillDataDriven" name="dataFill" time="20.529"/>
  <testcase classname="testCases.TC_004_FormFillDataDriven" name="dataFill" time="9.492"/>
  <testcase classname="testCases.TC_004_FormFillDataDriven" name="dataFill" time="20.012"/>
</testsuite> <!-- Test -->
