<?xml version="1.0" encoding="UTF-8"?>
<testng-results ignored="0" total="18" passed="18" failed="0" skipped="0">
  <reporter-output>
  </reporter-output>
  <suite started-at="2024-03-26T09:25:14 IST" name="Suite" finished-at="2024-03-26T09:29:11 IST" duration-ms="237174">
    <groups>
    </groups>
    <test started-at="2024-03-26T09:25:14 IST" name="Test" finished-at="2024-03-26T09:29:11 IST" duration-ms="237174">
      <class name="testCases.TC_001_WebDevlopment">
        <test-method is-config="true" signature="setup(java.lang.String)[pri:0, instance:testCases.TC_001_WebDevlopment@6ad82709]" started-at="2024-03-26T09:25:14 IST" name="setup" finished-at="2024-03-26T09:25:29 IST" duration-ms="14303" status="PASS">
          <params>
            <param index="0">
              <value>
                <![CDATA[Chrome]]>
              </value>
            </param>
          </params>
          <reporter-output>
          </reporter-output>
        </test-method> <!-- setup -->
        <test-method signature="searchWebDevlopment()[pri:1, instance:testCases.TC_001_WebDevlopment@6ad82709]" started-at="2024-03-26T09:25:29 IST" name="searchWebDevlopment" finished-at="2024-03-26T09:25:36 IST" duration-ms="7704" status="PASS">
          <reporter-output>
          </reporter-output>
        </test-method> <!-- searchWebDevlopment -->
        <test-method signature="clickFilter()[pri:2, instance:testCases.TC_001_WebDevlopment@6ad82709]" started-at="2024-03-26T09:25:36 IST" name="clickFilter" finished-at="2024-03-26T09:25:40 IST" duration-ms="3206" status="PASS">
          <reporter-output>
          </reporter-output>
        </test-method> <!-- clickFilter -->
        <test-method signature="printInfo()[pri:3, instance:testCases.TC_001_WebDevlopment@6ad82709]" started-at="2024-03-26T09:25:40 IST" name="printInfo" finished-at="2024-03-26T09:25:47 IST" duration-ms="7107" status="PASS">
          <reporter-output>
          </reporter-output>
        </test-method> <!-- printInfo -->
        <test-method is-config="true" signature="tearDown()[pri:0, instance:testCases.TC_001_WebDevlopment@6ad82709]" started-at="2024-03-26T09:25:47 IST" name="tearDown" finished-at="2024-03-26T09:25:48 IST" duration-ms="1316" status="PASS">
          <reporter-output>
          </reporter-output>
        </test-method> <!-- tearDown -->
      </class> <!-- testCases.TC_001_WebDevlopment -->
      <class name="testCases.TC_004_FormFillDataDriven">
        <test-method is-config="true" signature="setup(java.lang.String)[pri:0, instance:testCases.TC_004_FormFillDataDriven@d35dea7]" started-at="2024-03-26T09:26:50 IST" name="setup" finished-at="2024-03-26T09:27:05 IST" duration-ms="15371" status="PASS">
          <params>
            <param index="0">
              <value>
                <![CDATA[Chrome]]>
              </value>
            </param>
          </params>
          <reporter-output>
          </reporter-output>
        </test-method> <!-- setup -->
        <test-method signature="dataFill(java.lang.String,java.lang.String,java.lang.String,java.lang.String,java.lang.String,java.lang.String,java.lang.String,java.lang.String,java.lang.String,java.lang.String,java.lang.String)[pri:0, instance:testCases.TC_004_FormFillDataDriven@d35dea7]" started-at="2024-03-26T09:27:10 IST" name="dataFill" data-provider="LoginData" finished-at="2024-03-26T09:27:30 IST" duration-ms="20482" status="PASS">
          <params>
            <param index="0">
              <value>
                <![CDATA[]]>
              </value>
            </param>
            <param index="1">
              <value>
                <![CDATA[Kumar]]>
              </value>
            </param>
            <param index="2">
              <value>
                <![CDATA[rishabh13@gmail.com]]>
              </value>
            </param>
            <param index="3">
              <value>
                <![CDATA[9876543210]]>
              </value>
            </param>
            <param index="4">
              <value>
                <![CDATA[University/4 Year College]]>
              </value>
            </param>
            <param index="5">
              <value>
                <![CDATA[Haldia Institute]]>
              </value>
            </param>
            <param index="6">
              <value>
                <![CDATA[Student]]>
              </value>
            </param>
            <param index="7">
              <value>
                <![CDATA[Academic Affairs]]>
              </value>
            </param>
            <param index="8">
              <value>
                <![CDATA[Learner Support]]>
              </value>
            </param>
            <param index="9">
              <value>
                <![CDATA[India]]>
              </value>
            </param>
            <param index="10">
              <value>
                <![CDATA[form 1]]>
              </value>
            </param>
          </params>
          <reporter-output>
          </reporter-output>
        </test-method> <!-- dataFill -->
        <test-method signature="dataFill(java.lang.String,java.lang.String,java.lang.String,java.lang.String,java.lang.String,java.lang.String,java.lang.String,java.lang.String,java.lang.String,java.lang.String,java.lang.String)[pri:0, instance:testCases.TC_004_FormFillDataDriven@d35dea7]" started-at="2024-03-26T09:27:30 IST" name="dataFill" data-provider="LoginData" finished-at="2024-03-26T09:27:40 IST" duration-ms="9885" status="PASS">
          <params>
            <param index="0">
              <value>
                <![CDATA[Ramesh]]>
              </value>
            </param>
            <param index="1">
              <value>
                <![CDATA[Pawar]]>
              </value>
            </param>
            <param index="2">
              <value>
                <![CDATA[]]>
              </value>
            </param>
            <param index="3">
              <value>
                <![CDATA[9876567893]]>
              </value>
            </param>
            <param index="4">
              <value>
                <![CDATA[2 Year College]]>
              </value>
            </param>
            <param index="5">
              <value>
                <![CDATA[Heritage Institute]]>
              </value>
            </param>
            <param index="6">
              <value>
                <![CDATA[Director]]>
              </value>
            </param>
            <param index="7">
              <value>
                <![CDATA[Career Services]]>
              </value>
            </param>
            <param index="8">
              <value>
                <![CDATA[Billing/Invoice Support]]>
              </value>
            </param>
            <param index="9">
              <value>
                <![CDATA[Australia]]>
              </value>
            </param>
            <param index="10">
              <value>
                <![CDATA[form 2]]>
              </value>
            </param>
          </params>
          <reporter-output>
          </reporter-output>
        </test-method> <!-- dataFill -->
        <test-method signature="dataFill(java.lang.String,java.lang.String,java.lang.String,java.lang.String,java.lang.String,java.lang.String,java.lang.String,java.lang.String,java.lang.String,java.lang.String,java.lang.String)[pri:0, instance:testCases.TC_004_FormFillDataDriven@d35dea7]" started-at="2024-03-26T09:27:40 IST" name="dataFill" data-provider="LoginData" finished-at="2024-03-26T09:27:50 IST" duration-ms="10139" status="PASS">
          <params>
            <param index="0">
              <value>
                <![CDATA[Anand]]>
              </value>
            </param>
            <param index="1">
              <value>
                <![CDATA[Singh]]>
              </value>
            </param>
            <param index="2">
              <value>
                <![CDATA[anand87@gmail.com]]>
              </value>
            </param>
            <param index="3">
              <value>
                <![CDATA[]]>
              </value>
            </param>
            <param index="4">
              <value>
                <![CDATA[Graduate or Professional School]]>
              </value>
            </param>
            <param index="5">
              <value>
                <![CDATA[Techno Institute]]>
              </value>
            </param>
            <param index="6">
              <value>
                <![CDATA[Dean]]>
              </value>
            </param>
            <param index="7">
              <value>
                <![CDATA[Executive Leadership]]>
              </value>
            </param>
            <param index="8">
              <value>
                <![CDATA[Existing Customer Support]]>
              </value>
            </param>
            <param index="9">
              <value>
                <![CDATA[India]]>
              </value>
            </param>
            <param index="10">
              <value>
                <![CDATA[form 3]]>
              </value>
            </param>
          </params>
          <reporter-output>
          </reporter-output>
        </test-method> <!-- dataFill -->
        <test-method signature="dataFill(java.lang.String,java.lang.String,java.lang.String,java.lang.String,java.lang.String,java.lang.String,java.lang.String,java.lang.String,java.lang.String,java.lang.String,java.lang.String)[pri:0, instance:testCases.TC_004_FormFillDataDriven@d35dea7]" started-at="2024-03-26T09:27:50 IST" name="dataFill" data-provider="LoginData" finished-at="2024-03-26T09:28:00 IST" duration-ms="10035" status="PASS">
          <params>
            <param index="0">
              <value>
                <![CDATA[Aniket]]>
              </value>
            </param>
            <param index="1">
              <value>
                <![CDATA[Aryan]]>
              </value>
            </param>
            <param index="2">
              <value>
                <![CDATA[aryan23@heritage.com]]>
              </value>
            </param>
            <param index="3">
              <value>
                <![CDATA[9123456783]]>
              </value>
            </param>
            <param index="4">
              <value>
                <![CDATA[Select...]]>
              </value>
            </param>
            <param index="5">
              <value>
                <![CDATA[Heritage Institute]]>
              </value>
            </param>
            <param index="6">
              <value>
                <![CDATA[CEO]]>
              </value>
            </param>
            <param index="7">
              <value>
                <![CDATA[International]]>
              </value>
            </param>
            <param index="8">
              <value>
                <![CDATA[Other]]>
              </value>
            </param>
            <param index="9">
              <value>
                <![CDATA[Bangladesh]]>
              </value>
            </param>
            <param index="10">
              <value>
                <![CDATA[form 4]]>
              </value>
            </param>
          </params>
          <reporter-output>
          </reporter-output>
        </test-method> <!-- dataFill -->
        <test-method signature="dataFill(java.lang.String,java.lang.String,java.lang.String,java.lang.String,java.lang.String,java.lang.String,java.lang.String,java.lang.String,java.lang.String,java.lang.String,java.lang.String)[pri:0, instance:testCases.TC_004_FormFillDataDriven@d35dea7]" started-at="2024-03-26T09:28:00 IST" name="dataFill" data-provider="LoginData" finished-at="2024-03-26T09:28:10 IST" duration-ms="9569" status="PASS">
          <params>
            <param index="0">
              <value>
                <![CDATA[Ashish]]>
              </value>
            </param>
            <param index="1">
              <value>
                <![CDATA[Kumar]]>
              </value>
            </param>
            <param index="2">
              <value>
                <![CDATA[ashish22@iem.com]]>
              </value>
            </param>
            <param index="3">
              <value>
                <![CDATA[7345657865]]>
              </value>
            </param>
            <param index="4">
              <value>
                <![CDATA[Other]]>
              </value>
            </param>
            <param index="5">
              <value>
                <![CDATA[]]>
              </value>
            </param>
            <param index="6">
              <value>
                <![CDATA[Registrar]]>
              </value>
            </param>
            <param index="7">
              <value>
                <![CDATA[Student Affairs]]>
              </value>
            </param>
            <param index="8">
              <value>
                <![CDATA[Tech Support]]>
              </value>
            </param>
            <param index="9">
              <value>
                <![CDATA[Egypt]]>
              </value>
            </param>
            <param index="10">
              <value>
                <![CDATA[form 5]]>
              </value>
            </param>
          </params>
          <reporter-output>
          </reporter-output>
        </test-method> <!-- dataFill -->
        <test-method signature="dataFill(java.lang.String,java.lang.String,java.lang.String,java.lang.String,java.lang.String,java.lang.String,java.lang.String,java.lang.String,java.lang.String,java.lang.String,java.lang.String)[pri:0, instance:testCases.TC_004_FormFillDataDriven@d35dea7]" started-at="2024-03-26T09:28:10 IST" name="dataFill" data-provider="LoginData" finished-at="2024-03-26T09:28:19 IST" duration-ms="9429" status="PASS">
          <params>
            <param index="0">
              <value>
                <![CDATA[Manoj]]>
              </value>
            </param>
            <param index="1">
              <value>
                <![CDATA[Singh]]>
              </value>
            </param>
            <param index="2">
              <value>
                <![CDATA[maoj12@uem.com]]>
              </value>
            </param>
            <param index="3">
              <value>
                <![CDATA[9340354621]]>
              </value>
            </param>
            <param index="4">
              <value>
                <![CDATA[2 Year College]]>
              </value>
            </param>
            <param index="5">
              <value>
                <![CDATA[UEM]]>
              </value>
            </param>
            <param index="6">
              <value>
                <![CDATA[]]>
              </value>
            </param>
            <param index="7">
              <value>
                <![CDATA[Strategic Planning]]>
              </value>
            </param>
            <param index="8">
              <value>
                <![CDATA[Existing Customer Support]]>
              </value>
            </param>
            <param index="9">
              <value>
                <![CDATA[Cuba]]>
              </value>
            </param>
            <param index="10">
              <value>
                <![CDATA[form 6]]>
              </value>
            </param>
          </params>
          <reporter-output>
          </reporter-output>
        </test-method> <!-- dataFill -->
        <test-method signature="dataFill(java.lang.String,java.lang.String,java.lang.String,java.lang.String,java.lang.String,java.lang.String,java.lang.String,java.lang.String,java.lang.String,java.lang.String,java.lang.String)[pri:0, instance:testCases.TC_004_FormFillDataDriven@d35dea7]" started-at="2024-03-26T09:28:19 IST" name="dataFill" data-provider="LoginData" finished-at="2024-03-26T09:28:40 IST" duration-ms="20529" status="PASS">
          <params>
            <param index="0">
              <value>
                <![CDATA[Vimlesh]]>
              </value>
            </param>
            <param index="1">
              <value>
                <![CDATA[Kumar]]>
              </value>
            </param>
            <param index="2">
              <value>
                <![CDATA[vimlesh@techno.com]]>
              </value>
            </param>
            <param index="3">
              <value>
                <![CDATA[6437651234]]>
              </value>
            </param>
            <param index="4">
              <value>
                <![CDATA[Other]]>
              </value>
            </param>
            <param index="5">
              <value>
                <![CDATA[Techno Institute Of Technology]]>
              </value>
            </param>
            <param index="6">
              <value>
                <![CDATA[Director]]>
              </value>
            </param>
            <param index="7">
              <value>
                <![CDATA[ ]]>
              </value>
            </param>
            <param index="8">
              <value>
                <![CDATA[Learner Support]]>
              </value>
            </param>
            <param index="9">
              <value>
                <![CDATA[India]]>
              </value>
            </param>
            <param index="10">
              <value>
                <![CDATA[form 7]]>
              </value>
            </param>
          </params>
          <reporter-output>
          </reporter-output>
        </test-method> <!-- dataFill -->
        <test-method signature="dataFill(java.lang.String,java.lang.String,java.lang.String,java.lang.String,java.lang.String,java.lang.String,java.lang.String,java.lang.String,java.lang.String,java.lang.String,java.lang.String)[pri:0, instance:testCases.TC_004_FormFillDataDriven@d35dea7]" started-at="2024-03-26T09:28:40 IST" name="dataFill" data-provider="LoginData" finished-at="2024-03-26T09:28:49 IST" duration-ms="9492" status="PASS">
          <params>
            <param index="0">
              <value>
                <![CDATA[Sayan]]>
              </value>
            </param>
            <param index="1">
              <value>
                <![CDATA[Sen]]>
              </value>
            </param>
            <param index="2">
              <value>
                <![CDATA[sen21@aot.com]]>
              </value>
            </param>
            <param index="3">
              <value>
                <![CDATA[9876345215]]>
              </value>
            </param>
            <param index="4">
              <value>
                <![CDATA[Graduate or Professional School]]>
              </value>
            </param>
            <param index="5">
              <value>
                <![CDATA[AOT]]>
              </value>
            </param>
            <param index="6">
              <value>
                <![CDATA[Director]]>
              </value>
            </param>
            <param index="7">
              <value>
                <![CDATA[Continuing Education]]>
              </value>
            </param>
            <param index="8">
              <value>
                <![CDATA[]]>
              </value>
            </param>
            <param index="9">
              <value>
                <![CDATA[Australia]]>
              </value>
            </param>
            <param index="10">
              <value>
                <![CDATA[form 8]]>
              </value>
            </param>
          </params>
          <reporter-output>
          </reporter-output>
        </test-method> <!-- dataFill -->
        <test-method signature="dataFill(java.lang.String,java.lang.String,java.lang.String,java.lang.String,java.lang.String,java.lang.String,java.lang.String,java.lang.String,java.lang.String,java.lang.String,java.lang.String)[pri:0, instance:testCases.TC_004_FormFillDataDriven@d35dea7]" started-at="2024-03-26T09:28:49 IST" name="dataFill" data-provider="LoginData" finished-at="2024-03-26T09:29:10 IST" duration-ms="20012" status="PASS">
          <params>
            <param index="0">
              <value>
                <![CDATA[Vaibhav]]>
              </value>
            </param>
            <param index="1">
              <value>
                <![CDATA[Chaudhary]]>
              </value>
            </param>
            <param index="2">
              <value>
                <![CDATA[vaibhav23@ait.com]]>
              </value>
            </param>
            <param index="3">
              <value>
                <![CDATA[7301256721]]>
              </value>
            </param>
            <param index="4">
              <value>
                <![CDATA[Ministry of Education]]>
              </value>
            </param>
            <param index="5">
              <value>
                <![CDATA[Army Institute Of Technology]]>
              </value>
            </param>
            <param index="6">
              <value>
                <![CDATA[Consultant]]>
              </value>
            </param>
            <param index="7">
              <value>
                <![CDATA[ ]]>
              </value>
            </param>
            <param index="8">
              <value>
                <![CDATA[Other]]>
              </value>
            </param>
            <param index="9">
              <value>
                <![CDATA[Country]]>
              </value>
            </param>
            <param index="10">
              <value>
                <![CDATA[form 9]]>
              </value>
            </param>
          </params>
          <reporter-output>
          </reporter-output>
        </test-method> <!-- dataFill -->
        <test-method is-config="true" signature="tearDown()[pri:0, instance:testCases.TC_004_FormFillDataDriven@d35dea7]" started-at="2024-03-26T09:29:10 IST" name="tearDown" finished-at="2024-03-26T09:29:11 IST" duration-ms="1289" status="PASS">
          <reporter-output>
          </reporter-output>
        </test-method> <!-- tearDown -->
      </class> <!-- testCases.TC_004_FormFillDataDriven -->
      <class name="testCases.TC_002_LanguageLearning">
        <test-method is-config="true" signature="setup(java.lang.String)[pri:0, instance:testCases.TC_002_LanguageLearning@544fa968]" started-at="2024-03-26T09:25:48 IST" name="setup" finished-at="2024-03-26T09:26:00 IST" duration-ms="11555" status="PASS">
          <params>
            <param index="0">
              <value>
                <![CDATA[Chrome]]>
              </value>
            </param>
          </params>
          <reporter-output>
          </reporter-output>
        </test-method> <!-- setup -->
        <test-method signature="searchLanguageLearning()[pri:1, instance:testCases.TC_002_LanguageLearning@544fa968]" started-at="2024-03-26T09:26:00 IST" name="searchLanguageLearning" finished-at="2024-03-26T09:26:10 IST" duration-ms="10207" status="PASS">
          <reporter-output>
          </reporter-output>
        </test-method> <!-- searchLanguageLearning -->
        <test-method signature="printLanguages()[pri:2, instance:testCases.TC_002_LanguageLearning@544fa968]" started-at="2024-03-26T09:26:10 IST" name="printLanguages" finished-at="2024-03-26T09:26:12 IST" duration-ms="2031" status="PASS">
          <reporter-output>
          </reporter-output>
        </test-method> <!-- printLanguages -->
        <test-method signature="printLevels()[pri:3, instance:testCases.TC_002_LanguageLearning@544fa968]" started-at="2024-03-26T09:26:12 IST" name="printLevels" finished-at="2024-03-26T09:26:12 IST" duration-ms="108" status="PASS">
          <reporter-output>
          </reporter-output>
        </test-method> <!-- printLevels -->
        <test-method is-config="true" signature="tearDown()[pri:0, instance:testCases.TC_002_LanguageLearning@544fa968]" started-at="2024-03-26T09:26:12 IST" name="tearDown" finished-at="2024-03-26T09:26:13 IST" duration-ms="1247" status="PASS">
          <reporter-output>
          </reporter-output>
        </test-method> <!-- tearDown -->
      </class> <!-- testCases.TC_002_LanguageLearning -->
      <class name="testCases.TC_003_FormFill">
        <test-method is-config="true" signature="setup(java.lang.String)[pri:0, instance:testCases.TC_003_FormFill@247bddad]" started-at="2024-03-26T09:26:13 IST" name="setup" finished-at="2024-03-26T09:26:24 IST" duration-ms="10498" status="PASS">
          <params>
            <param index="0">
              <value>
                <![CDATA[Chrome]]>
              </value>
            </param>
          </params>
          <reporter-output>
          </reporter-output>
        </test-method> <!-- setup -->
        <test-method signature="goEnterprise()[pri:2, instance:testCases.TC_003_FormFill@247bddad]" started-at="2024-03-26T09:26:24 IST" name="goEnterprise" finished-at="2024-03-26T09:26:38 IST" duration-ms="14361" status="PASS">
          <reporter-output>
          </reporter-output>
        </test-method> <!-- goEnterprise -->
        <test-method signature="goCampus()[pri:3, instance:testCases.TC_003_FormFill@247bddad]" started-at="2024-03-26T09:26:38 IST" name="goCampus" finished-at="2024-03-26T09:26:39 IST" duration-ms="541" status="PASS">
          <reporter-output>
          </reporter-output>
        </test-method> <!-- goCampus -->
        <test-method signature="fillingForm()[pri:4, instance:testCases.TC_003_FormFill@247bddad]" started-at="2024-03-26T09:26:39 IST" name="fillingForm" finished-at="2024-03-26T09:26:48 IST" duration-ms="9379" status="PASS">
          <reporter-output>
          </reporter-output>
        </test-method> <!-- fillingForm -->
        <test-method is-config="true" signature="tearDown()[pri:0, instance:testCases.TC_003_FormFill@247bddad]" started-at="2024-03-26T09:26:48 IST" name="tearDown" finished-at="2024-03-26T09:26:50 IST" duration-ms="1942" status="PASS">
          <reporter-output>
          </reporter-output>
        </test-method> <!-- tearDown -->
      </class> <!-- testCases.TC_003_FormFill -->
    </test> <!-- Test -->
  </suite> <!-- Suite -->
</testng-results>
